<?xml version="1.0" encoding="UTF-8"?>
<!-- Generated by org.testng.reporters.JUnitReportReporter -->
<testsuite hostname="DESKTOP-L16CM9T" failures="0" tests="2" name="salesforcerunner.TestRunnerB" time="15.201" errors="0" timestamp="2022-02-24T01:52:48 CST" skipped="0">
  <testcase classname="salesforcerunner.TestRunnerB" name="runScenario" time="3.700"/>
  <system-out/>
  <testcase classname="salesforcerunner.TestRunnerB" name="runScenario" time="11.501"/>
  <system-out/>
</testsuite> <!-- salesforcerunner.TestRunnerB -->
